2012-06-01 13:59:06,885 - logic.JIDLogic - DEBUG - inside execute command
2012-06-01 13:59:06,885 - logic.JIDLogic - DEBUG - find *.*
2012-06-01 13:59:06,885 - logic.JIDLogic - DEBUG - inside fourth cond
2012-06-01 13:59:06,895 - logic.JIDLogic - FATAL - Inside the actual execution
2012-06-01 13:59:06,895 - logic.JIDLogic - DEBUG - THE OPERATION IS UNDOABLE:false
2012-06-01 13:59:06,895 - logic.JIDLogic - DEBUG - THE OPERATION IS UNDOABLE:false
2012-06-01 13:59:23,937 - Abc - DEBUG - array out of bounds!
2012-06-01 13:59:38,273 - Abc - DEBUG - array out of bounds!
2012-06-01 13:59:38,635 - logic.JIDLogic - DEBUG - inside execute command
2012-06-01 13:59:38,636 - logic.JIDLogic - DEBUG - find *.*
2012-06-01 13:59:38,636 - logic.JIDLogic - DEBUG - inside fourth cond
2012-06-01 13:59:38,643 - logic.JIDLogic - FATAL - Inside the actual execution
2012-06-01 13:59:38,643 - logic.JIDLogic - DEBUG - THE OPERATION IS UNDOABLE:false
2012-06-01 13:59:38,644 - logic.JIDLogic - DEBUG - THE OPERATION IS UNDOABLE:false
2012-06-01 13:59:55,909 - logic.JIDLogic - DEBUG - inside execute command
2012-06-01 13:59:55,914 - logic.JIDLogic - DEBUG - search m
2012-06-01 13:59:55,914 - logic.JIDLogic - DEBUG - inside fourth cond
2012-06-01 13:59:55,914 - logic.JIDLogic - FATAL - Inside the actual execution
2012-06-01 13:59:55,914 - logic.JIDLogic - DEBUG - THE OPERATION IS UNDOABLE:false
2012-06-01 13:59:55,954 - operation.Search - DEBUG - Matching task0
2012-06-01 13:59:55,954 - operation.Search - DEBUG - Matching task1
2012-06-01 13:59:55,954 - operation.Search - DEBUG - Matching task2
2012-06-01 13:59:55,954 - operation.Search - DEBUG - it matches
2012-06-01 13:59:55,959 - operation.Search - DEBUG - Matching task3
2012-06-01 13:59:55,959 - operation.Search - DEBUG - it matches
2012-06-01 13:59:55,959 - operation.Search - DEBUG - Matching task4
2012-06-01 13:59:55,959 - operation.Search - DEBUG - it matches
2012-06-01 13:59:55,959 - operation.Search - DEBUG - Matching task5
2012-06-01 13:59:55,964 - operation.Search - DEBUG - it matches
2012-06-01 13:59:55,964 - operation.Search - DEBUG - Matching task6
2012-06-01 13:59:55,964 - operation.Search - DEBUG - it matches
2012-06-01 13:59:55,964 - logic.JIDLogic - DEBUG - THE OPERATION IS UNDOABLE:false
2012-06-01 13:59:56,178 - logic.JIDLogic - DEBUG - inside execute command
2012-06-01 13:59:56,178 - logic.JIDLogic - DEBUG - search m
2012-06-01 13:59:56,179 - logic.JIDLogic - DEBUG - inside fourth cond
2012-06-01 13:59:56,179 - logic.JIDLogic - FATAL - Inside the actual execution
2012-06-01 13:59:56,180 - logic.JIDLogic - DEBUG - THE OPERATION IS UNDOABLE:false
2012-06-01 13:59:56,190 - operation.Search - DEBUG - Matching task0
2012-06-01 13:59:56,190 - operation.Search - DEBUG - Matching task1
2012-06-01 13:59:56,191 - operation.Search - DEBUG - Matching task2
2012-06-01 13:59:56,191 - operation.Search - DEBUG - it matches
2012-06-01 13:59:56,191 - operation.Search - DEBUG - Matching task3
2012-06-01 13:59:56,192 - operation.Search - DEBUG - it matches
2012-06-01 13:59:56,192 - operation.Search - DEBUG - Matching task4
2012-06-01 13:59:56,193 - operation.Search - DEBUG - it matches
2012-06-01 13:59:56,194 - operation.Search - DEBUG - Matching task5
2012-06-01 13:59:56,194 - operation.Search - DEBUG - it matches
2012-06-01 13:59:56,195 - operation.Search - DEBUG - Matching task6
2012-06-01 13:59:56,195 - operation.Search - DEBUG - it matches
2012-06-01 13:59:56,195 - logic.JIDLogic - DEBUG - THE OPERATION IS UNDOABLE:false
2012-06-01 13:59:56,368 - logic.JIDLogic - DEBUG - inside execute command
2012-06-01 13:59:56,368 - logic.JIDLogic - DEBUG - search mee
2012-06-01 13:59:56,368 - logic.JIDLogic - DEBUG - inside fourth cond
2012-06-01 13:59:56,369 - logic.JIDLogic - FATAL - Inside the actual execution
2012-06-01 13:59:56,369 - logic.JIDLogic - DEBUG - THE OPERATION IS UNDOABLE:false
2012-06-01 13:59:56,373 - operation.Search - DEBUG - Matching task0
2012-06-01 13:59:56,373 - operation.Search - DEBUG - Matching task1
2012-06-01 13:59:56,373 - operation.Search - DEBUG - Matching task2
2012-06-01 13:59:56,374 - operation.Search - DEBUG - it matches
2012-06-01 13:59:56,374 - operation.Search - DEBUG - Matching task3
2012-06-01 13:59:56,374 - operation.Search - DEBUG - it matches
2012-06-01 13:59:56,374 - operation.Search - DEBUG - Matching task4
2012-06-01 13:59:56,375 - operation.Search - DEBUG - it matches
2012-06-01 13:59:56,375 - operation.Search - DEBUG - Matching task5
2012-06-01 13:59:56,375 - operation.Search - DEBUG - it matches
2012-06-01 13:59:56,375 - operation.Search - DEBUG - Matching task6
2012-06-01 13:59:56,376 - operation.Search - DEBUG - it matches
2012-06-01 13:59:56,376 - logic.JIDLogic - DEBUG - THE OPERATION IS UNDOABLE:false
2012-06-01 13:59:56,513 - logic.JIDLogic - DEBUG - inside execute command
2012-06-01 13:59:56,513 - logic.JIDLogic - DEBUG - search meet
2012-06-01 13:59:56,513 - logic.JIDLogic - DEBUG - inside fourth cond
2012-06-01 13:59:56,514 - logic.JIDLogic - FATAL - Inside the actual execution
2012-06-01 13:59:56,514 - logic.JIDLogic - DEBUG - THE OPERATION IS UNDOABLE:false
2012-06-01 13:59:56,519 - operation.Search - DEBUG - Matching task0
2012-06-01 13:59:56,519 - operation.Search - DEBUG - Matching task1
2012-06-01 13:59:56,520 - operation.Search - DEBUG - Matching task2
2012-06-01 13:59:56,520 - operation.Search - DEBUG - it matches
2012-06-01 13:59:56,520 - operation.Search - DEBUG - Matching task3
2012-06-01 13:59:56,521 - operation.Search - DEBUG - it matches
2012-06-01 13:59:56,521 - operation.Search - DEBUG - Matching task4
2012-06-01 13:59:56,522 - operation.Search - DEBUG - it matches
2012-06-01 13:59:56,522 - operation.Search - DEBUG - Matching task5
2012-06-01 13:59:56,522 - operation.Search - DEBUG - it matches
2012-06-01 13:59:56,523 - operation.Search - DEBUG - Matching task6
2012-06-01 13:59:56,523 - operation.Search - DEBUG - it matches
2012-06-01 13:59:56,523 - logic.JIDLogic - DEBUG - THE OPERATION IS UNDOABLE:false
2012-06-01 13:59:56,691 - logic.JIDLogic - DEBUG - inside execute command
2012-06-01 13:59:56,691 - logic.JIDLogic - DEBUG - search meet 
2012-06-01 13:59:56,692 - logic.JIDLogic - DEBUG - inside fourth cond
2012-06-01 13:59:56,692 - logic.JIDLogic - FATAL - Inside the actual execution
2012-06-01 13:59:56,693 - logic.JIDLogic - DEBUG - THE OPERATION IS UNDOABLE:false
2012-06-01 13:59:56,697 - operation.Search - DEBUG - Matching task0
2012-06-01 13:59:56,698 - operation.Search - DEBUG - Matching task1
2012-06-01 13:59:56,698 - operation.Search - DEBUG - Matching task2
2012-06-01 13:59:56,698 - operation.Search - DEBUG - it matches
2012-06-01 13:59:56,699 - operation.Search - DEBUG - Matching task3
2012-06-01 13:59:56,699 - operation.Search - DEBUG - it matches
2012-06-01 13:59:56,700 - operation.Search - DEBUG - Matching task4
2012-06-01 13:59:56,700 - operation.Search - DEBUG - it matches
2012-06-01 13:59:56,700 - operation.Search - DEBUG - Matching task5
2012-06-01 13:59:56,701 - operation.Search - DEBUG - it matches
2012-06-01 13:59:56,702 - operation.Search - DEBUG - Matching task6
2012-06-01 13:59:56,702 - operation.Search - DEBUG - it matches
2012-06-01 13:59:56,703 - logic.JIDLogic - DEBUG - THE OPERATION IS UNDOABLE:false
2012-06-01 13:59:58,489 - logic.JIDLogic - DEBUG - inside execute command
2012-06-01 13:59:58,489 - logic.JIDLogic - DEBUG - search meet 3
2012-06-01 13:59:58,489 - logic.JIDLogic - DEBUG - inside fourth cond
2012-06-01 13:59:58,494 - logic.JIDLogic - FATAL - Inside the actual execution
2012-06-01 13:59:58,494 - logic.JIDLogic - DEBUG - THE OPERATION IS UNDOABLE:false
2012-06-01 13:59:58,499 - operation.Search - DEBUG - Matching task0
2012-06-01 13:59:58,499 - operation.Search - DEBUG - Matching task1
2012-06-01 13:59:58,500 - operation.Search - DEBUG - Matching task2
2012-06-01 13:59:58,500 - operation.Search - DEBUG - Matching task3
2012-06-01 13:59:58,500 - operation.Search - DEBUG - Matching task4
2012-06-01 13:59:58,500 - operation.Search - DEBUG - Matching task5
2012-06-01 13:59:58,500 - operation.Search - DEBUG - Matching task6
2012-06-01 13:59:58,500 - logic.JIDLogic - DEBUG - THE OPERATION IS UNDOABLE:false
2012-06-01 13:59:59,910 - logic.JIDLogic - DEBUG - inside execute command
2012-06-01 13:59:59,910 - logic.JIDLogic - DEBUG - search meet 3 
2012-06-01 13:59:59,910 - logic.JIDLogic - DEBUG - inside fourth cond
2012-06-01 13:59:59,910 - logic.JIDLogic - FATAL - Inside the actual execution
2012-06-01 13:59:59,910 - logic.JIDLogic - DEBUG - THE OPERATION IS UNDOABLE:false
2012-06-01 13:59:59,916 - operation.Search - DEBUG - Matching task0
2012-06-01 13:59:59,916 - operation.Search - DEBUG - Matching task1
2012-06-01 13:59:59,916 - operation.Search - DEBUG - Matching task2
2012-06-01 13:59:59,916 - operation.Search - DEBUG - Matching task3
2012-06-01 13:59:59,916 - operation.Search - DEBUG - Matching task4
2012-06-01 13:59:59,916 - operation.Search - DEBUG - Matching task5
2012-06-01 13:59:59,916 - operation.Search - DEBUG - Matching task6
2012-06-01 13:59:59,916 - logic.JIDLogic - DEBUG - THE OPERATION IS UNDOABLE:false
2012-06-01 14:00:00,186 - logic.JIDLogic - DEBUG - inside execute command
2012-06-01 14:00:00,191 - logic.JIDLogic - DEBUG - search meet 3 p
2012-06-01 14:00:00,191 - logic.JIDLogic - DEBUG - inside fourth cond
2012-06-01 14:00:00,191 - logic.JIDLogic - FATAL - Inside the actual execution
2012-06-01 14:00:00,191 - logic.JIDLogic - DEBUG - THE OPERATION IS UNDOABLE:false
2012-06-01 14:00:00,196 - operation.Search - DEBUG - Matching task0
2012-06-01 14:00:00,196 - operation.Search - DEBUG - Matching task1
2012-06-01 14:00:00,196 - operation.Search - DEBUG - Matching task2
2012-06-01 14:00:00,196 - operation.Search - DEBUG - Matching task3
2012-06-01 14:00:00,196 - operation.Search - DEBUG - Matching task4
2012-06-01 14:00:00,196 - operation.Search - DEBUG - Matching task5
2012-06-01 14:00:00,196 - operation.Search - DEBUG - Matching task6
2012-06-01 14:00:00,196 - logic.JIDLogic - DEBUG - THE OPERATION IS UNDOABLE:false
2012-06-01 14:00:00,421 - logic.JIDLogic - DEBUG - inside execute command
2012-06-01 14:00:00,421 - logic.JIDLogic - DEBUG - search meet 3 pm
2012-06-01 14:00:00,421 - logic.JIDLogic - DEBUG - inside fourth cond
2012-06-01 14:00:00,421 - logic.JIDLogic - FATAL - Inside the actual execution
2012-06-01 14:00:00,421 - logic.JIDLogic - DEBUG - THE OPERATION IS UNDOABLE:false
2012-06-01 14:00:00,431 - operation.Search - DEBUG - 946656000000
2012-06-01 14:00:00,431 - operation.Search - DEBUG - Matching task0
2012-06-01 14:00:00,431 - operation.Search - DEBUG - Matching task1
2012-06-01 14:00:00,431 - operation.Search - DEBUG - Matching task2
2012-06-01 14:00:00,431 - operation.Search - DEBUG - it matches
2012-06-01 14:00:00,431 - operation.Search - DEBUG - Matching task3
2012-06-01 14:00:00,436 - operation.Search - DEBUG - it matches
2012-06-01 14:00:00,436 - operation.Search - DEBUG - Matching task4
2012-06-01 14:00:00,436 - operation.Search - DEBUG - it matches
2012-06-01 14:00:00,436 - operation.Search - DEBUG - Matching task5
2012-06-01 14:00:00,436 - operation.Search - DEBUG - it matches
2012-06-01 14:00:00,436 - operation.Search - DEBUG - Matching task6
2012-06-01 14:00:00,441 - logic.JIDLogic - DEBUG - THE OPERATION IS UNDOABLE:false
2012-06-01 14:00:00,636 - logic.JIDLogic - DEBUG - inside execute command
2012-06-01 14:00:00,636 - logic.JIDLogic - DEBUG - search meet 3 pm 
2012-06-01 14:00:00,636 - logic.JIDLogic - DEBUG - inside fourth cond
2012-06-01 14:00:00,636 - logic.JIDLogic - FATAL - Inside the actual execution
2012-06-01 14:00:00,636 - logic.JIDLogic - DEBUG - THE OPERATION IS UNDOABLE:false
2012-06-01 14:00:00,641 - operation.Search - DEBUG - 946656000000
2012-06-01 14:00:00,641 - operation.Search - DEBUG - Matching task0
2012-06-01 14:00:00,641 - operation.Search - DEBUG - Matching task1
2012-06-01 14:00:00,641 - operation.Search - DEBUG - Matching task2
2012-06-01 14:00:00,646 - operation.Search - DEBUG - it matches
2012-06-01 14:00:00,646 - operation.Search - DEBUG - Matching task3
2012-06-01 14:00:00,646 - operation.Search - DEBUG - it matches
2012-06-01 14:00:00,646 - operation.Search - DEBUG - Matching task4
2012-06-01 14:00:00,651 - operation.Search - DEBUG - it matches
2012-06-01 14:00:00,651 - operation.Search - DEBUG - Matching task5
2012-06-01 14:00:00,651 - operation.Search - DEBUG - it matches
2012-06-01 14:00:00,651 - operation.Search - DEBUG - Matching task6
2012-06-01 14:00:00,651 - logic.JIDLogic - DEBUG - THE OPERATION IS UNDOABLE:false
2012-06-01 14:00:02,181 - logic.JIDLogic - DEBUG - inside execute command
2012-06-01 14:00:02,181 - logic.JIDLogic - DEBUG - search meet 3 pm
2012-06-01 14:00:02,181 - logic.JIDLogic - DEBUG - inside fourth cond
2012-06-01 14:00:02,186 - logic.JIDLogic - FATAL - Inside the actual execution
2012-06-01 14:00:02,186 - logic.JIDLogic - DEBUG - THE OPERATION IS UNDOABLE:false
2012-06-01 14:00:02,196 - operation.Search - DEBUG - 946656000000
2012-06-01 14:00:02,196 - operation.Search - DEBUG - Matching task0
2012-06-01 14:00:02,197 - operation.Search - DEBUG - Matching task1
2012-06-01 14:00:02,197 - operation.Search - DEBUG - Matching task2
2012-06-01 14:00:02,197 - operation.Search - DEBUG - it matches
2012-06-01 14:00:02,197 - operation.Search - DEBUG - Matching task3
2012-06-01 14:00:02,197 - operation.Search - DEBUG - it matches
2012-06-01 14:00:02,197 - operation.Search - DEBUG - Matching task4
2012-06-01 14:00:02,197 - operation.Search - DEBUG - it matches
2012-06-01 14:00:02,202 - operation.Search - DEBUG - Matching task5
2012-06-01 14:00:02,202 - operation.Search - DEBUG - it matches
2012-06-01 14:00:02,202 - operation.Search - DEBUG - Matching task6
2012-06-01 14:00:02,202 - logic.JIDLogic - DEBUG - THE OPERATION IS UNDOABLE:false
2012-06-01 14:00:02,402 - logic.JIDLogic - DEBUG - inside execute command
2012-06-01 14:00:02,402 - logic.JIDLogic - DEBUG - search meet 3 p
2012-06-01 14:00:02,402 - logic.JIDLogic - DEBUG - inside fourth cond
2012-06-01 14:00:02,402 - logic.JIDLogic - FATAL - Inside the actual execution
2012-06-01 14:00:02,402 - logic.JIDLogic - DEBUG - THE OPERATION IS UNDOABLE:false
2012-06-01 14:00:02,407 - operation.Search - DEBUG - Matching task0
2012-06-01 14:00:02,407 - operation.Search - DEBUG - Matching task1
2012-06-01 14:00:02,407 - operation.Search - DEBUG - Matching task2
2012-06-01 14:00:02,407 - operation.Search - DEBUG - Matching task3
2012-06-01 14:00:02,412 - operation.Search - DEBUG - Matching task4
2012-06-01 14:00:02,412 - operation.Search - DEBUG - Matching task5
2012-06-01 14:00:02,412 - operation.Search - DEBUG - Matching task6
2012-06-01 14:00:02,412 - logic.JIDLogic - DEBUG - THE OPERATION IS UNDOABLE:false
2012-06-01 14:00:02,582 - logic.JIDLogic - DEBUG - inside execute command
2012-06-01 14:00:02,582 - logic.JIDLogic - DEBUG - search meet 3 
2012-06-01 14:00:02,582 - logic.JIDLogic - DEBUG - inside fourth cond
2012-06-01 14:00:02,582 - logic.JIDLogic - FATAL - Inside the actual execution
2012-06-01 14:00:02,582 - logic.JIDLogic - DEBUG - THE OPERATION IS UNDOABLE:false
2012-06-01 14:00:02,587 - operation.Search - DEBUG - Matching task0
2012-06-01 14:00:02,587 - operation.Search - DEBUG - Matching task1
2012-06-01 14:00:02,587 - operation.Search - DEBUG - Matching task2
2012-06-01 14:00:02,587 - operation.Search - DEBUG - Matching task3
2012-06-01 14:00:02,587 - operation.Search - DEBUG - Matching task4
2012-06-01 14:00:02,587 - operation.Search - DEBUG - Matching task5
2012-06-01 14:00:02,587 - operation.Search - DEBUG - Matching task6
2012-06-01 14:00:02,587 - logic.JIDLogic - DEBUG - THE OPERATION IS UNDOABLE:false
2012-06-01 14:00:02,747 - logic.JIDLogic - DEBUG - inside execute command
2012-06-01 14:00:02,752 - logic.JIDLogic - DEBUG - search meet 3
2012-06-01 14:00:02,752 - logic.JIDLogic - DEBUG - inside fourth cond
2012-06-01 14:00:02,752 - logic.JIDLogic - FATAL - Inside the actual execution
2012-06-01 14:00:02,752 - logic.JIDLogic - DEBUG - THE OPERATION IS UNDOABLE:false
2012-06-01 14:00:02,757 - operation.Search - DEBUG - Matching task0
2012-06-01 14:00:02,757 - operation.Search - DEBUG - Matching task1
2012-06-01 14:00:02,757 - operation.Search - DEBUG - Matching task2
2012-06-01 14:00:02,757 - operation.Search - DEBUG - Matching task3
2012-06-01 14:00:02,757 - operation.Search - DEBUG - Matching task4
2012-06-01 14:00:02,757 - operation.Search - DEBUG - Matching task5
2012-06-01 14:00:02,757 - operation.Search - DEBUG - Matching task6
2012-06-01 14:00:02,757 - logic.JIDLogic - DEBUG - THE OPERATION IS UNDOABLE:false
2012-06-01 14:00:03,737 - logic.JIDLogic - DEBUG - inside execute command
2012-06-01 14:00:03,737 - logic.JIDLogic - DEBUG - search meet 3p
2012-06-01 14:00:03,737 - logic.JIDLogic - DEBUG - inside fourth cond
2012-06-01 14:00:03,737 - logic.JIDLogic - FATAL - Inside the actual execution
2012-06-01 14:00:03,737 - logic.JIDLogic - DEBUG - THE OPERATION IS UNDOABLE:false
2012-06-01 14:00:03,743 - operation.Search - DEBUG - Matching task0
2012-06-01 14:00:03,743 - operation.Search - DEBUG - Matching task1
2012-06-01 14:00:03,743 - operation.Search - DEBUG - Matching task2
2012-06-01 14:00:03,743 - operation.Search - DEBUG - Matching task3
2012-06-01 14:00:03,743 - operation.Search - DEBUG - Matching task4
2012-06-01 14:00:03,743 - operation.Search - DEBUG - Matching task5
2012-06-01 14:00:03,743 - operation.Search - DEBUG - Matching task6
2012-06-01 14:00:03,743 - logic.JIDLogic - DEBUG - THE OPERATION IS UNDOABLE:false
2012-06-01 14:00:03,993 - logic.JIDLogic - DEBUG - inside execute command
2012-06-01 14:00:03,993 - logic.JIDLogic - DEBUG - search meet 3pm
2012-06-01 14:00:03,993 - logic.JIDLogic - DEBUG - inside fourth cond
2012-06-01 14:00:03,993 - logic.JIDLogic - FATAL - Inside the actual execution
2012-06-01 14:00:03,993 - logic.JIDLogic - DEBUG - THE OPERATION IS UNDOABLE:false
2012-06-01 14:00:03,998 - operation.Search - DEBUG - 946656000000
2012-06-01 14:00:03,998 - operation.Search - DEBUG - Matching task0
2012-06-01 14:00:03,998 - operation.Search - DEBUG - Matching task1
2012-06-01 14:00:03,998 - operation.Search - DEBUG - Matching task2
2012-06-01 14:00:03,998 - operation.Search - DEBUG - it matches
2012-06-01 14:00:04,003 - operation.Search - DEBUG - Matching task3
2012-06-01 14:00:04,003 - operation.Search - DEBUG - it matches
2012-06-01 14:00:04,003 - operation.Search - DEBUG - Matching task4
2012-06-01 14:00:04,003 - operation.Search - DEBUG - it matches
2012-06-01 14:00:04,003 - operation.Search - DEBUG - Matching task5
2012-06-01 14:00:04,003 - operation.Search - DEBUG - it matches
2012-06-01 14:00:04,003 - operation.Search - DEBUG - Matching task6
2012-06-01 14:00:04,008 - logic.JIDLogic - DEBUG - THE OPERATION IS UNDOABLE:false
2012-06-01 14:00:06,253 - logic.JIDLogic - DEBUG - inside execute command
2012-06-01 14:00:06,253 - logic.JIDLogic - DEBUG - search meet 3p
2012-06-01 14:00:06,258 - logic.JIDLogic - DEBUG - inside fourth cond
2012-06-01 14:00:06,258 - logic.JIDLogic - FATAL - Inside the actual execution
2012-06-01 14:00:06,258 - logic.JIDLogic - DEBUG - THE OPERATION IS UNDOABLE:false
2012-06-01 14:00:06,258 - operation.Search - DEBUG - Matching task0
2012-06-01 14:00:06,263 - operation.Search - DEBUG - Matching task1
2012-06-01 14:00:06,263 - operation.Search - DEBUG - Matching task2
2012-06-01 14:00:06,263 - operation.Search - DEBUG - Matching task3
2012-06-01 14:00:06,264 - operation.Search - DEBUG - Matching task4
2012-06-01 14:00:06,264 - operation.Search - DEBUG - Matching task5
2012-06-01 14:00:06,264 - operation.Search - DEBUG - Matching task6
2012-06-01 14:00:06,264 - logic.JIDLogic - DEBUG - THE OPERATION IS UNDOABLE:false
2012-06-01 14:00:06,744 - logic.JIDLogic - DEBUG - inside execute command
2012-06-01 14:00:06,744 - logic.JIDLogic - DEBUG - search meet 3
2012-06-01 14:00:06,744 - logic.JIDLogic - DEBUG - inside fourth cond
2012-06-01 14:00:06,744 - logic.JIDLogic - FATAL - Inside the actual execution
2012-06-01 14:00:06,744 - logic.JIDLogic - DEBUG - THE OPERATION IS UNDOABLE:false
2012-06-01 14:00:06,749 - operation.Search - DEBUG - Matching task0
2012-06-01 14:00:06,754 - operation.Search - DEBUG - Matching task1
2012-06-01 14:00:06,754 - operation.Search - DEBUG - Matching task2
2012-06-01 14:00:06,754 - operation.Search - DEBUG - Matching task3
2012-06-01 14:00:06,754 - operation.Search - DEBUG - Matching task4
2012-06-01 14:00:06,754 - operation.Search - DEBUG - Matching task5
2012-06-01 14:00:06,754 - operation.Search - DEBUG - Matching task6
2012-06-01 14:00:06,754 - logic.JIDLogic - DEBUG - THE OPERATION IS UNDOABLE:false
2012-06-01 14:00:06,774 - logic.JIDLogic - DEBUG - inside execute command
2012-06-01 14:00:06,774 - logic.JIDLogic - DEBUG - search meet 
2012-06-01 14:00:06,774 - logic.JIDLogic - DEBUG - inside fourth cond
2012-06-01 14:00:06,774 - logic.JIDLogic - FATAL - Inside the actual execution
2012-06-01 14:00:06,774 - logic.JIDLogic - DEBUG - THE OPERATION IS UNDOABLE:false
2012-06-01 14:00:06,779 - operation.Search - DEBUG - Matching task0
2012-06-01 14:00:06,779 - operation.Search - DEBUG - Matching task1
2012-06-01 14:00:06,779 - operation.Search - DEBUG - Matching task2
2012-06-01 14:00:06,779 - operation.Search - DEBUG - it matches
2012-06-01 14:00:06,779 - operation.Search - DEBUG - Matching task3
2012-06-01 14:00:06,779 - operation.Search - DEBUG - it matches
2012-06-01 14:00:06,779 - operation.Search - DEBUG - Matching task4
2012-06-01 14:00:06,779 - operation.Search - DEBUG - it matches
2012-06-01 14:00:06,779 - operation.Search - DEBUG - Matching task5
2012-06-01 14:00:06,779 - operation.Search - DEBUG - it matches
2012-06-01 14:00:06,784 - operation.Search - DEBUG - Matching task6
2012-06-01 14:00:06,784 - operation.Search - DEBUG - it matches
2012-06-01 14:00:06,784 - logic.JIDLogic - DEBUG - THE OPERATION IS UNDOABLE:false
2012-06-01 14:00:06,819 - logic.JIDLogic - DEBUG - inside execute command
2012-06-01 14:00:06,819 - logic.JIDLogic - DEBUG - search meet
2012-06-01 14:00:06,819 - logic.JIDLogic - DEBUG - inside fourth cond
2012-06-01 14:00:06,819 - logic.JIDLogic - FATAL - Inside the actual execution
2012-06-01 14:00:06,819 - logic.JIDLogic - DEBUG - THE OPERATION IS UNDOABLE:false
2012-06-01 14:00:06,824 - operation.Search - DEBUG - Matching task0
2012-06-01 14:00:06,824 - operation.Search - DEBUG - Matching task1
2012-06-01 14:00:06,824 - operation.Search - DEBUG - Matching task2
2012-06-01 14:00:06,824 - operation.Search - DEBUG - it matches
2012-06-01 14:00:06,824 - operation.Search - DEBUG - Matching task3
2012-06-01 14:00:06,824 - operation.Search - DEBUG - it matches
2012-06-01 14:00:06,824 - operation.Search - DEBUG - Matching task4
2012-06-01 14:00:06,824 - operation.Search - DEBUG - it matches
2012-06-01 14:00:06,824 - operation.Search - DEBUG - Matching task5
2012-06-01 14:00:06,824 - operation.Search - DEBUG - it matches
2012-06-01 14:00:06,829 - operation.Search - DEBUG - Matching task6
2012-06-01 14:00:06,829 - operation.Search - DEBUG - it matches
2012-06-01 14:00:06,829 - logic.JIDLogic - DEBUG - THE OPERATION IS UNDOABLE:false
2012-06-01 14:00:06,859 - logic.JIDLogic - DEBUG - inside execute command
2012-06-01 14:00:06,859 - logic.JIDLogic - DEBUG - search mee
2012-06-01 14:00:06,859 - logic.JIDLogic - DEBUG - inside fourth cond
2012-06-01 14:00:06,859 - logic.JIDLogic - FATAL - Inside the actual execution
2012-06-01 14:00:06,859 - logic.JIDLogic - DEBUG - THE OPERATION IS UNDOABLE:false
2012-06-01 14:00:06,864 - operation.Search - DEBUG - Matching task0
2012-06-01 14:00:06,864 - operation.Search - DEBUG - Matching task1
2012-06-01 14:00:06,864 - operation.Search - DEBUG - Matching task2
2012-06-01 14:00:06,864 - operation.Search - DEBUG - it matches
2012-06-01 14:00:06,864 - operation.Search - DEBUG - Matching task3
2012-06-01 14:00:06,864 - operation.Search - DEBUG - it matches
2012-06-01 14:00:06,869 - operation.Search - DEBUG - Matching task4
2012-06-01 14:00:06,869 - operation.Search - DEBUG - it matches
2012-06-01 14:00:06,869 - operation.Search - DEBUG - Matching task5
2012-06-01 14:00:06,869 - operation.Search - DEBUG - it matches
2012-06-01 14:00:06,869 - operation.Search - DEBUG - Matching task6
2012-06-01 14:00:06,869 - operation.Search - DEBUG - it matches
2012-06-01 14:00:06,869 - logic.JIDLogic - DEBUG - THE OPERATION IS UNDOABLE:false
2012-06-01 14:00:06,904 - logic.JIDLogic - DEBUG - inside execute command
2012-06-01 14:00:06,905 - logic.JIDLogic - DEBUG - search m
2012-06-01 14:00:06,905 - logic.JIDLogic - DEBUG - inside fourth cond
2012-06-01 14:00:06,905 - logic.JIDLogic - FATAL - Inside the actual execution
2012-06-01 14:00:06,906 - logic.JIDLogic - DEBUG - THE OPERATION IS UNDOABLE:false
2012-06-01 14:00:06,909 - operation.Search - DEBUG - Matching task0
2012-06-01 14:00:06,909 - operation.Search - DEBUG - Matching task1
2012-06-01 14:00:06,910 - operation.Search - DEBUG - Matching task2
2012-06-01 14:00:06,910 - operation.Search - DEBUG - it matches
2012-06-01 14:00:06,910 - operation.Search - DEBUG - Matching task3
2012-06-01 14:00:06,911 - operation.Search - DEBUG - it matches
2012-06-01 14:00:06,911 - operation.Search - DEBUG - Matching task4
2012-06-01 14:00:06,911 - operation.Search - DEBUG - it matches
2012-06-01 14:00:06,911 - operation.Search - DEBUG - Matching task5
2012-06-01 14:00:06,912 - operation.Search - DEBUG - it matches
2012-06-01 14:00:06,912 - operation.Search - DEBUG - Matching task6
2012-06-01 14:00:06,912 - operation.Search - DEBUG - it matches
2012-06-01 14:00:06,913 - logic.JIDLogic - DEBUG - THE OPERATION IS UNDOABLE:false
2012-06-01 14:00:06,939 - logic.JIDLogic - DEBUG - inside execute command
2012-06-01 14:00:06,939 - logic.JIDLogic - DEBUG - search m
2012-06-01 14:00:06,939 - logic.JIDLogic - DEBUG - inside fourth cond
2012-06-01 14:00:06,940 - logic.JIDLogic - FATAL - Inside the actual execution
2012-06-01 14:00:06,940 - logic.JIDLogic - DEBUG - THE OPERATION IS UNDOABLE:false
2012-06-01 14:00:06,943 - operation.Search - DEBUG - Matching task0
2012-06-01 14:00:06,944 - operation.Search - DEBUG - Matching task1
2012-06-01 14:00:06,944 - operation.Search - DEBUG - Matching task2
2012-06-01 14:00:06,944 - operation.Search - DEBUG - it matches
2012-06-01 14:00:06,945 - operation.Search - DEBUG - Matching task3
2012-06-01 14:00:06,945 - operation.Search - DEBUG - it matches
2012-06-01 14:00:06,945 - operation.Search - DEBUG - Matching task4
2012-06-01 14:00:06,946 - operation.Search - DEBUG - it matches
2012-06-01 14:00:06,946 - operation.Search - DEBUG - Matching task5
2012-06-01 14:00:06,946 - operation.Search - DEBUG - it matches
2012-06-01 14:00:06,947 - operation.Search - DEBUG - Matching task6
2012-06-01 14:00:06,947 - operation.Search - DEBUG - it matches
2012-06-01 14:00:06,947 - logic.JIDLogic - DEBUG - THE OPERATION IS UNDOABLE:false
2012-06-01 14:00:18,062 - logic.JIDLogic - DEBUG - inside execute command
2012-06-01 14:00:18,062 - logic.JIDLogic - DEBUG - search 3
2012-06-01 14:00:18,062 - logic.JIDLogic - DEBUG - inside fourth cond
2012-06-01 14:00:18,062 - logic.JIDLogic - FATAL - Inside the actual execution
2012-06-01 14:00:18,062 - logic.JIDLogic - DEBUG - THE OPERATION IS UNDOABLE:false
2012-06-01 14:00:18,067 - operation.Search - DEBUG - Matching task0
2012-06-01 14:00:18,072 - operation.Search - DEBUG - Matching task1
2012-06-01 14:00:18,072 - operation.Search - DEBUG - Matching task2
2012-06-01 14:00:18,072 - operation.Search - DEBUG - Matching task3
2012-06-01 14:00:18,072 - operation.Search - DEBUG - Matching task4
2012-06-01 14:00:18,072 - operation.Search - DEBUG - Matching task5
2012-06-01 14:00:18,072 - operation.Search - DEBUG - Matching task6
2012-06-01 14:00:18,072 - logic.JIDLogic - DEBUG - THE OPERATION IS UNDOABLE:false
2012-06-01 14:00:18,802 - logic.JIDLogic - DEBUG - inside execute command
2012-06-01 14:00:18,802 - logic.JIDLogic - DEBUG - search 3p
2012-06-01 14:00:18,802 - logic.JIDLogic - DEBUG - inside fourth cond
2012-06-01 14:00:18,802 - logic.JIDLogic - FATAL - Inside the actual execution
2012-06-01 14:00:18,802 - logic.JIDLogic - DEBUG - THE OPERATION IS UNDOABLE:false
2012-06-01 14:00:18,807 - operation.Search - DEBUG - Matching task0
2012-06-01 14:00:18,807 - operation.Search - DEBUG - Matching task1
2012-06-01 14:00:18,807 - operation.Search - DEBUG - Matching task2
2012-06-01 14:00:18,807 - operation.Search - DEBUG - Matching task3
2012-06-01 14:00:18,807 - operation.Search - DEBUG - Matching task4
2012-06-01 14:00:18,812 - operation.Search - DEBUG - Matching task5
2012-06-01 14:00:18,812 - operation.Search - DEBUG - Matching task6
2012-06-01 14:00:18,812 - logic.JIDLogic - DEBUG - THE OPERATION IS UNDOABLE:false
2012-06-01 14:00:19,043 - logic.JIDLogic - DEBUG - inside execute command
2012-06-01 14:00:19,043 - logic.JIDLogic - DEBUG - search 3pm
2012-06-01 14:00:19,043 - logic.JIDLogic - DEBUG - inside fourth cond
2012-06-01 14:00:19,043 - logic.JIDLogic - FATAL - Inside the actual execution
2012-06-01 14:00:19,043 - logic.JIDLogic - DEBUG - THE OPERATION IS UNDOABLE:false
2012-06-01 14:00:19,048 - operation.Search - DEBUG - Matching task0
2012-06-01 14:00:19,048 - operation.Search - DEBUG - Matching task1
2012-06-01 14:00:19,048 - operation.Search - DEBUG - Matching task2
2012-06-01 14:00:19,048 - operation.Search - DEBUG - Matching task3
2012-06-01 14:00:19,048 - operation.Search - DEBUG - Matching task4
2012-06-01 14:00:19,048 - operation.Search - DEBUG - Matching task5
2012-06-01 14:00:19,048 - operation.Search - DEBUG - Matching task6
2012-06-01 14:00:19,048 - logic.JIDLogic - DEBUG - THE OPERATION IS UNDOABLE:false
2012-06-01 14:00:19,283 - logic.JIDLogic - DEBUG - inside execute command
2012-06-01 14:00:19,283 - logic.JIDLogic - DEBUG - search 3pm 
2012-06-01 14:00:19,283 - logic.JIDLogic - DEBUG - inside fourth cond
2012-06-01 14:00:19,283 - logic.JIDLogic - FATAL - Inside the actual execution
2012-06-01 14:00:19,283 - logic.JIDLogic - DEBUG - THE OPERATION IS UNDOABLE:false
2012-06-01 14:00:19,288 - operation.Search - DEBUG - Matching task0
2012-06-01 14:00:19,288 - operation.Search - DEBUG - Matching task1
2012-06-01 14:00:19,288 - operation.Search - DEBUG - Matching task2
2012-06-01 14:00:19,288 - operation.Search - DEBUG - Matching task3
2012-06-01 14:00:19,288 - operation.Search - DEBUG - Matching task4
2012-06-01 14:00:19,293 - operation.Search - DEBUG - Matching task5
2012-06-01 14:00:19,293 - operation.Search - DEBUG - Matching task6
2012-06-01 14:00:19,293 - logic.JIDLogic - DEBUG - THE OPERATION IS UNDOABLE:false
2012-06-01 14:00:19,773 - logic.JIDLogic - DEBUG - inside execute command
2012-06-01 14:00:19,773 - logic.JIDLogic - DEBUG - search 3pm
2012-06-01 14:00:19,773 - logic.JIDLogic - DEBUG - inside fourth cond
2012-06-01 14:00:19,778 - logic.JIDLogic - FATAL - Inside the actual execution
2012-06-01 14:00:19,778 - logic.JIDLogic - DEBUG - THE OPERATION IS UNDOABLE:false
2012-06-01 14:00:19,778 - operation.Search - DEBUG - Matching task0
2012-06-01 14:00:19,778 - operation.Search - DEBUG - Matching task1
2012-06-01 14:00:19,778 - operation.Search - DEBUG - Matching task2
2012-06-01 14:00:19,778 - operation.Search - DEBUG - Matching task3
2012-06-01 14:00:19,783 - operation.Search - DEBUG - Matching task4
2012-06-01 14:00:19,783 - operation.Search - DEBUG - Matching task5
2012-06-01 14:00:19,783 - operation.Search - DEBUG - Matching task6
2012-06-01 14:00:19,783 - logic.JIDLogic - DEBUG - THE OPERATION IS UNDOABLE:false
2012-06-01 14:00:20,063 - logic.JIDLogic - DEBUG - inside execute command
2012-06-01 14:00:20,063 - logic.JIDLogic - DEBUG - search 3p
2012-06-01 14:00:20,068 - logic.JIDLogic - DEBUG - inside fourth cond
2012-06-01 14:00:20,068 - logic.JIDLogic - FATAL - Inside the actual execution
2012-06-01 14:00:20,068 - logic.JIDLogic - DEBUG - THE OPERATION IS UNDOABLE:false
2012-06-01 14:00:20,068 - operation.Search - DEBUG - Matching task0
2012-06-01 14:00:20,068 - operation.Search - DEBUG - Matching task1
2012-06-01 14:00:20,073 - operation.Search - DEBUG - Matching task2
2012-06-01 14:00:20,073 - operation.Search - DEBUG - Matching task3
2012-06-01 14:00:20,073 - operation.Search - DEBUG - Matching task4
2012-06-01 14:00:20,074 - operation.Search - DEBUG - Matching task5
2012-06-01 14:00:20,074 - operation.Search - DEBUG - Matching task6
2012-06-01 14:00:20,074 - logic.JIDLogic - DEBUG - THE OPERATION IS UNDOABLE:false
2012-06-01 14:00:20,279 - logic.JIDLogic - DEBUG - inside execute command
2012-06-01 14:00:20,279 - logic.JIDLogic - DEBUG - search 3
2012-06-01 14:00:20,279 - logic.JIDLogic - DEBUG - inside fourth cond
2012-06-01 14:00:20,279 - logic.JIDLogic - FATAL - Inside the actual execution
2012-06-01 14:00:20,279 - logic.JIDLogic - DEBUG - THE OPERATION IS UNDOABLE:false
2012-06-01 14:00:20,284 - operation.Search - DEBUG - Matching task0
2012-06-01 14:00:20,284 - operation.Search - DEBUG - Matching task1
2012-06-01 14:00:20,284 - operation.Search - DEBUG - Matching task2
2012-06-01 14:00:20,284 - operation.Search - DEBUG - Matching task3
2012-06-01 14:00:20,284 - operation.Search - DEBUG - Matching task4
2012-06-01 14:00:20,284 - operation.Search - DEBUG - Matching task5
2012-06-01 14:00:20,284 - operation.Search - DEBUG - Matching task6
2012-06-01 14:00:20,284 - logic.JIDLogic - DEBUG - THE OPERATION IS UNDOABLE:false
